The start stack
{STACK A}
-----===-----
0--->-1
1--->5
2--->4
3--->7
-----===-----
{Ops sent}
-----===-----
0--->[ra
]
1--->[sa
]
2--->[rra
]
-----===-----
Applying operations

==================================
Applying : ra
{STACK A}
-----===-----
0--->5
1--->4
2--->7
3--->-1
-----===-----
Stack B is empty

==================================
Applying : sa
{STACK A}
-----===-----
0--->4
1--->5
2--->7
3--->-1
-----===-----
Stack B is empty

==================================
Applying : rra
{STACK A}
-----===-----
0--->-1
1--->4
2--->5
3--->7
-----===-----
Stack B is empty
